<?xml version="1.0" encoding="UTF-8"?>
<robot generator="Robot 7.3.2 (Python 3.13.1 on win32)" generated="2025-09-13T17:14:44.570251" rpa="false" schemaversion="5">
<suite id="s1" name="Test" source="C:\Users\thana\Code\SQA\LabSQA\Lab10\test.robot">
<test id="s1-t1" name="Open Browser" line="13">
<kw name="Open Browser" owner="SeleniumLibrary">
<msg time="2025-09-13T17:14:44.831246" level="INFO">Opening browser 'Chrome' to base url 'http://google.com'.</msg>
<arg>${URL}</arg>
<arg>${BROWSER}</arg>
<doc>Opens a new browser instance to the optional ``url``.</doc>
<status status="PASS" start="2025-09-13T17:14:44.831000" elapsed="3.065211"/>
</kw>
<kw name="Set Selenium Speed" owner="SeleniumLibrary">
<arg>${DELAY}</arg>
<doc>Sets the delay that is waited after each Selenium command.</doc>
<status status="PASS" start="2025-09-13T17:14:47.896918" elapsed="0.000346"/>
</kw>
<kw name="Close Browser" owner="SeleniumLibrary">
<doc>Closes the current browser.</doc>
<status status="PASS" start="2025-09-13T17:14:47.897486" elapsed="7.124215"/>
</kw>
<status status="PASS" start="2025-09-13T17:14:44.830227" elapsed="10.192349"/>
</test>
<doc>A test for use Robot</doc>
<status status="PASS" start="2025-09-13T17:14:44.572341" elapsed="10.452793"/>
</suite>
<statistics>
<total>
<stat pass="1" fail="0" skip="0">All Tests</stat>
</total>
<tag>
</tag>
<suite>
<stat name="Test" id="s1" pass="1" fail="0" skip="0">Test</stat>
</suite>
</statistics>
<errors>
</errors>
</robot>
